  [1m[35m (168.8ms)[0m  [1m[35mCREATE DATABASE "tasks_development" ENCODING = 'unicode'[0m
  [1m[35m (100.9ms)[0m  [1m[35mCREATE DATABASE "tasks_test" ENCODING = 'unicode'[0m
  [1m[35m (7.3ms)[0m  [1m[35mCREATE TABLE "schema_migrations" ("version" character varying NOT NULL PRIMARY KEY)[0m
  [1m[35m (4.1ms)[0m  [1m[35mCREATE TABLE "ar_internal_metadata" ("key" character varying NOT NULL PRIMARY KEY, "value" character varying, "created_at" timestamp(6) NOT NULL, "updated_at" timestamp(6) NOT NULL)[0m
  [1m[35m (0.2ms)[0m  [1m[34mSELECT pg_try_advisory_lock(4383706967230150875)[0m
  [1m[36mActiveRecord::SchemaMigration Pluck (0.2ms)[0m  [1m[34mSELECT "schema_migrations"."version" FROM "schema_migrations" ORDER BY "schema_migrations"."version" ASC[0m
Migrating to CreateTasks (20230810165306)
  [1m[36mTRANSACTION (0.8ms)[0m  [1m[35mBEGIN[0m
  [1m[35m (4.8ms)[0m  [1m[35mCREATE TABLE "tasks" ("id" bigserial primary key, "user_id" uuid NOT NULL, "title" character varying NOT NULL, "description" text, "status" character varying DEFAULT 'in_progress' NOT NULL, "created_at" timestamp(6) NOT NULL, "updated_at" timestamp(6) NOT NULL)[0m
  [1m[36mActiveRecord::SchemaMigration Create (1.1ms)[0m  [1m[32mINSERT INTO "schema_migrations" ("version") VALUES ($1) RETURNING "version"[0m  [["version", "20230810165306"]]
  [1m[36mTRANSACTION (1.9ms)[0m  [1m[35mCOMMIT[0m
  [1m[36mActiveRecord::InternalMetadata Load (0.4ms)[0m  [1m[34mSELECT "ar_internal_metadata".* FROM "ar_internal_metadata" WHERE "ar_internal_metadata"."key" = $1 LIMIT $2[0m  [["key", "environment"], ["LIMIT", 1]]
  [1m[36mTRANSACTION (0.1ms)[0m  [1m[35mBEGIN[0m
  [1m[36mActiveRecord::InternalMetadata Create (0.5ms)[0m  [1m[32mINSERT INTO "ar_internal_metadata" ("key", "value", "created_at", "updated_at") VALUES ($1, $2, $3, $4) RETURNING "key"[0m  [["key", "environment"], ["value", "development"], ["created_at", "2023-08-10 17:00:37.447440"], ["updated_at", "2023-08-10 17:00:37.447440"]]
  [1m[36mTRANSACTION (0.7ms)[0m  [1m[35mCOMMIT[0m
  [1m[35m (0.3ms)[0m  [1m[34mSELECT pg_advisory_unlock(4383706967230150875)[0m
  [1m[36mActiveRecord::SchemaMigration Pluck (0.5ms)[0m  [1m[34mSELECT "schema_migrations"."version" FROM "schema_migrations" ORDER BY "schema_migrations"."version" ASC[0m
  [1m[35m (0.2ms)[0m  [1m[34mSELECT pg_try_advisory_lock(4383706967230150875)[0m
  [1m[36mActiveRecord::SchemaMigration Pluck (0.5ms)[0m  [1m[34mSELECT "schema_migrations"."version" FROM "schema_migrations" ORDER BY "schema_migrations"."version" ASC[0m
Migrating to CreateUsers (20230810170110)
  [1m[36mTRANSACTION (1.3ms)[0m  [1m[35mBEGIN[0m
  [1m[35m (13.7ms)[0m  [1m[35mCREATE TABLE "users" ("id" bigserial primary key, "name" character varying, "external_id" uuid, "role" character varying, "created_at" timestamp(6) NOT NULL, "updated_at" timestamp(6) NOT NULL)[0m
  [1m[36mActiveRecord::SchemaMigration Create (1.2ms)[0m  [1m[32mINSERT INTO "schema_migrations" ("version") VALUES ($1) RETURNING "version"[0m  [["version", "20230810170110"]]
  [1m[36mTRANSACTION (3.4ms)[0m  [1m[35mCOMMIT[0m
  [1m[36mActiveRecord::InternalMetadata Load (0.7ms)[0m  [1m[34mSELECT "ar_internal_metadata".* FROM "ar_internal_metadata" WHERE "ar_internal_metadata"."key" = $1 LIMIT $2[0m  [["key", "environment"], ["LIMIT", 1]]
  [1m[35m (0.7ms)[0m  [1m[34mSELECT pg_advisory_unlock(4383706967230150875)[0m
  [1m[36mActiveRecord::SchemaMigration Pluck (0.6ms)[0m  [1m[34mSELECT "schema_migrations"."version" FROM "schema_migrations" ORDER BY "schema_migrations"."version" ASC[0m
Started GET "/" for 172.20.0.1 at 2023-08-10 17:03:08 +0000
Cannot render console from 172.20.0.1! Allowed networks: 127.0.0.0/127.255.255.255, ::1
  [1m[36mActiveRecord::SchemaMigration Pluck (0.4ms)[0m  [1m[34mSELECT "schema_migrations"."version" FROM "schema_migrations" ORDER BY "schema_migrations"."version" ASC[0m
Processing by TasksController#index as HTML
  [1m[36mTask Load (0.8ms)[0m  [1m[34mSELECT "tasks".* FROM "tasks"[0m
  ↳ app/controllers/tasks_controller.rb:4:in `index'
Completed 200 OK in 100ms (Views: 3.5ms | ActiveRecord: 0.8ms | Allocations: 3486)


Started GET "/" for 172.20.0.1 at 2023-08-10 17:03:09 +0000
Cannot render console from 172.20.0.1! Allowed networks: 127.0.0.0/127.255.255.255, ::1
Processing by TasksController#index as */*
  [1m[36mTask Load (0.4ms)[0m  [1m[34mSELECT "tasks".* FROM "tasks"[0m
  ↳ app/controllers/tasks_controller.rb:4:in `index'
Completed 200 OK in 6ms (Views: 4.4ms | ActiveRecord: 0.4ms | Allocations: 751)


  [1m[36mUser Count (1.5ms)[0m  [1m[34mSELECT COUNT(*) FROM "users"[0m
  [1m[36mUser Load (0.2ms)[0m  [1m[34mSELECT "users".* FROM "users" WHERE "users"."id" = $1 LIMIT $2[0m  [["id", nil], ["LIMIT", 1]]
  [1m[36mTRANSACTION (1.7ms)[0m  [1m[35mBEGIN[0m
  [1m[36mUser Create (4.3ms)[0m  [1m[32mINSERT INTO "users" ("name", "external_id", "role", "created_at", "updated_at") VALUES ($1, $2, $3, $4, $5) RETURNING "id"[0m  [["name", nil], ["external_id", nil], ["role", "worker"], ["created_at", "2023-08-11 11:41:35.499593"], ["updated_at", "2023-08-11 11:41:35.499593"]]
  [1m[36mTRANSACTION (1.5ms)[0m  [1m[35mCOMMIT[0m
  [1m[36mUser Load (1.1ms)[0m  [1m[34mSELECT "users".* FROM "users" WHERE "users"."id" = $1 LIMIT $2[0m  [["id", nil], ["LIMIT", 1]]
  [1m[36mUser Load (1.0ms)[0m  [1m[34mSELECT "users".* FROM "users" WHERE "users"."external_id" = $1 LIMIT $2[0m  [["external_id", "f6107ee1-df7c-4d06-823b-cddf43c631d0"], ["LIMIT", 1]]
  [1m[36mUser Load (0.4ms)[0m  [1m[34mSELECT "users".* FROM "users" WHERE "users"."external_id" = $1 LIMIT $2[0m  [["external_id", "f6107ee1-df7c-4d06-823b-cddf43c631d0"], ["LIMIT", 1]]
  [1m[36mUser Count (1.1ms)[0m  [1m[34mSELECT COUNT(*) FROM "users"[0m
  [1m[36mUser Load (0.4ms)[0m  [1m[34mSELECT "users".* FROM "users" ORDER BY "users"."id" DESC LIMIT $1[0m  [["LIMIT", 1]]
  [1m[36mUser Load (1.6ms)[0m  [1m[34mSELECT "users".* FROM "users" ORDER BY "users"."id" DESC LIMIT $1[0m  [["LIMIT", 1]]
  [1m[36mUser Load (1.4ms)[0m  [1m[34mSELECT "users".* FROM "users" ORDER BY "users"."id" DESC LIMIT $1[0m  [["LIMIT", 1]]
  [1m[36mTRANSACTION (0.6ms)[0m  [1m[35mBEGIN[0m
  [1m[36mUser Update (8.9ms)[0m  [1m[33mUPDATE "users" SET "external_id" = $1, "updated_at" = $2 WHERE "users"."id" = $3[0m  [["external_id", "f6107ee1-df7c-4d06-823b-cddf43c631d0"], ["updated_at", "2023-08-11 11:44:08.504603"], ["id", 1]]
  [1m[36mTRANSACTION (1.7ms)[0m  [1m[35mCOMMIT[0m
  [1m[36mUser Load (0.3ms)[0m  [1m[34mSELECT "users".* FROM "users" WHERE "users"."external_id" = $1 LIMIT $2[0m  [["external_id", "f6107ee1-df7c-4d06-823b-cddf43c631d0"], ["LIMIT", 1]]
Started GET "/" for 172.20.0.1 at 2023-08-11 11:47:01 +0000
Started GET "/" for 172.20.0.1 at 2023-08-11 11:47:01 +0000
Cannot render console from 172.20.0.1! Allowed networks: 127.0.0.0/127.255.255.255, ::1
Cannot render console from 172.20.0.1! Allowed networks: 127.0.0.0/127.255.255.255, ::1
  [1m[36mActiveRecord::SchemaMigration Pluck (1.9ms)[0m  [1m[34mSELECT "schema_migrations"."version" FROM "schema_migrations" ORDER BY "schema_migrations"."version" ASC[0m
Processing by TasksController#index as HTML
Processing by TasksController#index as */*
Filter chain halted as :authenticate_user! rendered or redirected
Filter chain halted as :authenticate_user! rendered or redirected
Completed 401 Unauthorized in 35ms (ActiveRecord: 0.0ms | Allocations: 1400)


Completed 401 Unauthorized in 59ms (ActiveRecord: 0.0ms | Allocations: 2009)


Started GET "/" for 172.20.0.1 at 2023-08-11 11:50:01 +0000
Cannot render console from 172.20.0.1! Allowed networks: 127.0.0.0/127.255.255.255, ::1
Processing by TasksController#index as */*
Filter chain halted as :authenticate_user! rendered or redirected
Completed 401 Unauthorized in 12ms (ActiveRecord: 0.0ms | Allocations: 100)


Started GET "/" for 172.20.0.1 at 2023-08-11 13:31:28 +0000
Cannot render console from 172.20.0.1! Allowed networks: 127.0.0.0/127.255.255.255, ::1
  [1m[36mActiveRecord::SchemaMigration Pluck (0.8ms)[0m  [1m[34mSELECT "schema_migrations"."version" FROM "schema_migrations" ORDER BY "schema_migrations"."version" ASC[0m
Processing by TasksController#index as */*
Filter chain halted as :authenticate_user! rendered or redirected
Completed 401 Unauthorized in 23ms (ActiveRecord: 0.0ms | Allocations: 1320)


Started GET "/" for 172.20.0.1 at 2023-08-11 13:32:06 +0000
Cannot render console from 172.20.0.1! Allowed networks: 127.0.0.0/127.255.255.255, ::1
Processing by TasksController#index as */*
Filter chain halted as :authenticate_user! rendered or redirected
Completed 401 Unauthorized in 4ms (ActiveRecord: 0.0ms | Allocations: 100)


Started GET "/" for 172.20.0.1 at 2023-08-11 13:33:45 +0000
Cannot render console from 172.20.0.1! Allowed networks: 127.0.0.0/127.255.255.255, ::1
Processing by TasksController#index as */*
JWT: eyJhbGciOiJIUzI1NiJ9.eyJ1c2VyX2lkIjoiZjYxMDdlZTEtZGY3Yy00ZDA2LTgyM2ItY2RkZjQzYzYzMWQwIiwiZXhwIjoxNzIzMzc0ODIzfQ.6MGt7JlMPw4IvX93FtPEK5SgpwedzuL4Yh9paalAU9g
  [1m[36mUser Load (0.8ms)[0m  [1m[34mSELECT "users".* FROM "users" WHERE "users"."external_id" = $1 LIMIT $2[0m  [["external_id", "f6107ee1-df7c-4d06-823b-cddf43c631d0"], ["LIMIT", 1]]
  ↳ app/services/current_user.rb:21:in `call'
  [1m[36mTask Load (0.5ms)[0m  [1m[34mSELECT "tasks".* FROM "tasks"[0m
  ↳ app/controllers/tasks_controller.rb:4:in `index'
Completed 200 OK in 1119ms (Views: 3.9ms | ActiveRecord: 8.2ms | Allocations: 16790)


  [1m[36mActiveRecord::SchemaMigration Pluck (0.6ms)[0m  [1m[34mSELECT "schema_migrations"."version" FROM "schema_migrations" ORDER BY "schema_migrations"."version" ASC[0m
  [1m[35m (2.1ms)[0m  [1m[34mSELECT pg_try_advisory_lock(4383706967230150875)[0m
  [1m[36mActiveRecord::SchemaMigration Pluck (0.5ms)[0m  [1m[34mSELECT "schema_migrations"."version" FROM "schema_migrations" ORDER BY "schema_migrations"."version" ASC[0m
Migrating to AddPricesToTasks (20230811133949)
  [1m[36mTRANSACTION (0.2ms)[0m  [1m[35mBEGIN[0m
  [1m[35m (4.2ms)[0m  [1m[35mALTER TABLE "tasks" ADD "assign_price" decimal(10,2)[0m
  [1m[35m (0.4ms)[0m  [1m[35mALTER TABLE "tasks" ADD "finish_price" decimal(10,2)[0m
  [1m[36mActiveRecord::SchemaMigration Create (0.9ms)[0m  [1m[32mINSERT INTO "schema_migrations" ("version") VALUES ($1) RETURNING "version"[0m  [["version", "20230811133949"]]
  [1m[36mTRANSACTION (1.6ms)[0m  [1m[35mCOMMIT[0m
  [1m[36mActiveRecord::InternalMetadata Load (0.7ms)[0m  [1m[34mSELECT "ar_internal_metadata".* FROM "ar_internal_metadata" WHERE "ar_internal_metadata"."key" = $1 LIMIT $2[0m  [["key", "environment"], ["LIMIT", 1]]
  [1m[35m (0.4ms)[0m  [1m[34mSELECT pg_advisory_unlock(4383706967230150875)[0m
  [1m[36mActiveRecord::SchemaMigration Pluck (0.5ms)[0m  [1m[34mSELECT "schema_migrations"."version" FROM "schema_migrations" ORDER BY "schema_migrations"."version" ASC[0m
Started POST "/tasks" for 172.20.0.1 at 2023-08-11 13:53:02 +0000
Cannot render console from 172.20.0.1! Allowed networks: 127.0.0.0/127.255.255.255, ::1
  [1m[36mActiveRecord::SchemaMigration Pluck (0.6ms)[0m  [1m[34mSELECT "schema_migrations"."version" FROM "schema_migrations" ORDER BY "schema_migrations"."version" ASC[0m
Processing by TasksController#create as */*
Can't verify CSRF token authenticity.
Completed 422 Unprocessable Entity in 2ms (ActiveRecord: 0.0ms | Allocations: 582)


  
ActionController::InvalidAuthenticityToken (Can't verify CSRF token authenticity.):
  
actionpack (7.0.7) lib/action_controller/metal/request_forgery_protection.rb:253:in `handle_unverified_request'
actionpack (7.0.7) lib/action_controller/metal/request_forgery_protection.rb:286:in `handle_unverified_request'
actionpack (7.0.7) lib/action_controller/metal/request_forgery_protection.rb:275:in `verify_authenticity_token'
activesupport (7.0.7) lib/active_support/callbacks.rb:400:in `block in make_lambda'
activesupport (7.0.7) lib/active_support/callbacks.rb:199:in `block (2 levels) in halting'
actionpack (7.0.7) lib/abstract_controller/callbacks.rb:34:in `block (2 levels) in <module:Callbacks>'
activesupport (7.0.7) lib/active_support/callbacks.rb:200:in `block in halting'
activesupport (7.0.7) lib/active_support/callbacks.rb:595:in `block in invoke_before'
activesupport (7.0.7) lib/active_support/callbacks.rb:595:in `each'
activesupport (7.0.7) lib/active_support/callbacks.rb:595:in `invoke_before'
activesupport (7.0.7) lib/active_support/callbacks.rb:116:in `block in run_callbacks'
activesupport (7.0.7) lib/active_support/callbacks.rb:138:in `run_callbacks'
actionpack (7.0.7) lib/abstract_controller/callbacks.rb:233:in `process_action'
actionpack (7.0.7) lib/action_controller/metal/rescue.rb:23:in `process_action'
actionpack (7.0.7) lib/action_controller/metal/instrumentation.rb:67:in `block in process_action'
activesupport (7.0.7) lib/active_support/notifications.rb:206:in `block in instrument'
activesupport (7.0.7) lib/active_support/notifications/instrumenter.rb:24:in `instrument'
activesupport (7.0.7) lib/active_support/notifications.rb:206:in `instrument'
actionpack (7.0.7) lib/action_controller/metal/instrumentation.rb:66:in `process_action'
actionpack (7.0.7) lib/action_controller/metal/params_wrapper.rb:259:in `process_action'
activerecord (7.0.7) lib/active_record/railties/controller_runtime.rb:27:in `process_action'
actionpack (7.0.7) lib/abstract_controller/base.rb:151:in `process'
actionview (7.0.7) lib/action_view/rendering.rb:39:in `process'
actionpack (7.0.7) lib/action_controller/metal.rb:188:in `dispatch'
actionpack (7.0.7) lib/action_controller/metal.rb:251:in `dispatch'
actionpack (7.0.7) lib/action_dispatch/routing/route_set.rb:49:in `dispatch'
actionpack (7.0.7) lib/action_dispatch/routing/route_set.rb:32:in `serve'
actionpack (7.0.7) lib/action_dispatch/journey/router.rb:50:in `block in serve'
actionpack (7.0.7) lib/action_dispatch/journey/router.rb:32:in `each'
actionpack (7.0.7) lib/action_dispatch/journey/router.rb:32:in `serve'
actionpack (7.0.7) lib/action_dispatch/routing/route_set.rb:852:in `call'
rack (2.2.8) lib/rack/tempfile_reaper.rb:15:in `call'
rack (2.2.8) lib/rack/etag.rb:27:in `call'
rack (2.2.8) lib/rack/conditional_get.rb:40:in `call'
rack (2.2.8) lib/rack/head.rb:12:in `call'
actionpack (7.0.7) lib/action_dispatch/http/permissions_policy.rb:38:in `call'
actionpack (7.0.7) lib/action_dispatch/http/content_security_policy.rb:36:in `call'
rack (2.2.8) lib/rack/session/abstract/id.rb:266:in `context'
rack (2.2.8) lib/rack/session/abstract/id.rb:260:in `call'
actionpack (7.0.7) lib/action_dispatch/middleware/cookies.rb:704:in `call'
activerecord (7.0.7) lib/active_record/migration.rb:603:in `call'
actionpack (7.0.7) lib/action_dispatch/middleware/callbacks.rb:27:in `block in call'
activesupport (7.0.7) lib/active_support/callbacks.rb:99:in `run_callbacks'
actionpack (7.0.7) lib/action_dispatch/middleware/callbacks.rb:26:in `call'
actionpack (7.0.7) lib/action_dispatch/middleware/executor.rb:14:in `call'
actionpack (7.0.7) lib/action_dispatch/middleware/actionable_exceptions.rb:17:in `call'
actionpack (7.0.7) lib/action_dispatch/middleware/debug_exceptions.rb:28:in `call'
web-console (4.2.0) lib/web_console/middleware.rb:132:in `call_app'
web-console (4.2.0) lib/web_console/middleware.rb:19:in `block in call'
web-console (4.2.0) lib/web_console/middleware.rb:17:in `catch'
web-console (4.2.0) lib/web_console/middleware.rb:17:in `call'
actionpack (7.0.7) lib/action_dispatch/middleware/show_exceptions.rb:29:in `call'
railties (7.0.7) lib/rails/rack/logger.rb:40:in `call_app'
railties (7.0.7) lib/rails/rack/logger.rb:25:in `block in call'
activesupport (7.0.7) lib/active_support/tagged_logging.rb:99:in `block in tagged'
activesupport (7.0.7) lib/active_support/tagged_logging.rb:37:in `tagged'
activesupport (7.0.7) lib/active_support/tagged_logging.rb:99:in `tagged'
railties (7.0.7) lib/rails/rack/logger.rb:25:in `call'
sprockets-rails (3.4.2) lib/sprockets/rails/quiet_assets.rb:13:in `call'
actionpack (7.0.7) lib/action_dispatch/middleware/remote_ip.rb:93:in `call'
actionpack (7.0.7) lib/action_dispatch/middleware/request_id.rb:26:in `call'
rack (2.2.8) lib/rack/method_override.rb:24:in `call'
rack (2.2.8) lib/rack/runtime.rb:22:in `call'
activesupport (7.0.7) lib/active_support/cache/strategy/local_cache_middleware.rb:29:in `call'
actionpack (7.0.7) lib/action_dispatch/middleware/server_timing.rb:61:in `block in call'
actionpack (7.0.7) lib/action_dispatch/middleware/server_timing.rb:26:in `collect_events'
actionpack (7.0.7) lib/action_dispatch/middleware/server_timing.rb:60:in `call'
actionpack (7.0.7) lib/action_dispatch/middleware/executor.rb:14:in `call'
actionpack (7.0.7) lib/action_dispatch/middleware/static.rb:23:in `call'
rack (2.2.8) lib/rack/sendfile.rb:110:in `call'
actionpack (7.0.7) lib/action_dispatch/middleware/host_authorization.rb:137:in `call'
railties (7.0.7) lib/rails/engine.rb:530:in `call'
puma (5.6.6) lib/puma/configuration.rb:252:in `call'
puma (5.6.6) lib/puma/request.rb:77:in `block in handle_request'
puma (5.6.6) lib/puma/thread_pool.rb:340:in `with_force_shutdown'
puma (5.6.6) lib/puma/request.rb:76:in `handle_request'
puma (5.6.6) lib/puma/server.rb:443:in `process_client'
puma (5.6.6) lib/puma/thread_pool.rb:147:in `block in spawn_thread'
Started POST "/tasks" for 172.20.0.1 at 2023-08-11 13:54:46 +0000
Cannot render console from 172.20.0.1! Allowed networks: 127.0.0.0/127.255.255.255, ::1
Processing by TasksController#create as */*
JWT: eyJhbGciOiJIUzI1NiJ9.eyJ1c2VyX2lkIjoiZjYxMDdlZTEtZGY3Yy00ZDA2LTgyM2ItY2RkZjQzYzYzMWQwIiwiZXhwIjoxNzIzMzc0ODIzfQ.6MGt7JlMPw4IvX93FtPEK5SgpwedzuL4Yh9paalAU9g
  [1m[36mUser Load (1.0ms)[0m  [1m[34mSELECT "users".* FROM "users" WHERE "users"."external_id" = $1 LIMIT $2[0m  [["external_id", "f6107ee1-df7c-4d06-823b-cddf43c631d0"], ["LIMIT", 1]]
  ↳ app/services/current_user.rb:21:in `call'
Completed 400 Bad Request in 1165ms (ActiveRecord: 7.6ms | Allocations: 17311)


  
ActionController::ParameterMissing (param is missing or the value is empty: task):
  
app/controllers/tasks_controller.rb:15:in `task_params'
app/controllers/tasks_controller.rb:8:in `create'
Started POST "/tasks" for 172.20.0.1 at 2023-08-11 13:55:02 +0000
Cannot render console from 172.20.0.1! Allowed networks: 127.0.0.0/127.255.255.255, ::1
Processing by TasksController#create as */*
  Parameters: {"task"=>{"title"=>"TestTitle", "description"=>"TestDescription"}}
JWT: eyJhbGciOiJIUzI1NiJ9.eyJ1c2VyX2lkIjoiZjYxMDdlZTEtZGY3Yy00ZDA2LTgyM2ItY2RkZjQzYzYzMWQwIiwiZXhwIjoxNzIzMzc0ODIzfQ.6MGt7JlMPw4IvX93FtPEK5SgpwedzuL4Yh9paalAU9g
  [1m[36mUser Load (0.9ms)[0m  [1m[34mSELECT "users".* FROM "users" WHERE "users"."external_id" = $1 LIMIT $2[0m  [["external_id", "f6107ee1-df7c-4d06-823b-cddf43c631d0"], ["LIMIT", 1]]
  ↳ app/services/current_user.rb:21:in `call'
  [1m[36mUser Load (4.3ms)[0m  [1m[34mSELECT "users".* FROM "users" WHERE "users"."role" = $1 ORDER BY RANDOM() LIMIT $2[0m  [["role", "worker"], ["LIMIT", 1]]
  ↳ app/services/tasks/create.rb:25:in `random_worker_id'
  [1m[36mTRANSACTION (0.2ms)[0m  [1m[35mBEGIN[0m
  ↳ app/services/tasks/create.rb:8:in `call'
  [1m[36mTask Create (4.5ms)[0m  [1m[32mINSERT INTO "tasks" ("user_id", "title", "description", "status", "created_at", "updated_at", "assign_price", "finish_price") VALUES ($1, $2, $3, $4, $5, $6, $7, $8) RETURNING "id"[0m  [["user_id", nil], ["title", "TestTitle"], ["description", "TestDescription"], ["status", "in_progress"], ["created_at", "2023-08-11 13:55:02.272077"], ["updated_at", "2023-08-11 13:55:02.272077"], ["assign_price", nil], ["finish_price", "39.0"]]
  ↳ app/services/tasks/create.rb:8:in `call'
  [1m[36mTRANSACTION (0.2ms)[0m  [1m[31mROLLBACK[0m
  ↳ app/services/tasks/create.rb:8:in `call'
Completed 500 Internal Server Error in 161ms (ActiveRecord: 12.6ms | Allocations: 11489)


  
ActiveRecord::NotNullViolation (PG::NotNullViolation: ERROR:  null value in column "user_id" of relation "tasks" violates not-null constraint
DETAIL:  Failing row contains (1, null, TestTitle, TestDescription, in_progress, 2023-08-11 13:55:02.272077, 2023-08-11 13:55:02.272077, null, 39.00).
):
  
app/services/tasks/create.rb:8:in `call'
app/controllers/tasks_controller.rb:8:in `create'
  [1m[36mUser Load (1.1ms)[0m  [1m[34mSELECT "users".* FROM "users" WHERE "users"."role" = $1 ORDER BY RANDOM() LIMIT $2[0m  [["role", "worker"], ["LIMIT", 1]]
  [1m[36mUser Load (1.2ms)[0m  [1m[34mSELECT "users"."id" FROM "users" WHERE "users"."role" = $1 ORDER BY RANDOM() LIMIT $2[0m  [["role", "worker"], ["LIMIT", 1]]
  [1m[36mUser Load (3.1ms)[0m  [1m[34mSELECT "users"."id" FROM "users" WHERE "users"."role" = $1 ORDER BY RANDOM() LIMIT $2[0m  [["role", "worker"], ["LIMIT", 1]]
Started POST "/tasks" for 172.20.0.1 at 2023-08-11 13:58:32 +0000
Cannot render console from 172.20.0.1! Allowed networks: 127.0.0.0/127.255.255.255, ::1
  [1m[36mActiveRecord::SchemaMigration Pluck (0.9ms)[0m  [1m[34mSELECT "schema_migrations"."version" FROM "schema_migrations" ORDER BY "schema_migrations"."version" ASC[0m
Processing by TasksController#create as */*
  Parameters: {"task"=>{"title"=>"TestTitle", "description"=>"TestDescription"}}
JWT: eyJhbGciOiJIUzI1NiJ9.eyJ1c2VyX2lkIjoiZjYxMDdlZTEtZGY3Yy00ZDA2LTgyM2ItY2RkZjQzYzYzMWQwIiwiZXhwIjoxNzIzMzc0ODIzfQ.6MGt7JlMPw4IvX93FtPEK5SgpwedzuL4Yh9paalAU9g
  [1m[36mUser Load (1.8ms)[0m  [1m[34mSELECT "users".* FROM "users" WHERE "users"."external_id" = $1 LIMIT $2[0m  [["external_id", "f6107ee1-df7c-4d06-823b-cddf43c631d0"], ["LIMIT", 1]]
  ↳ app/services/current_user.rb:21:in `call'
  [1m[36mUser Load (0.7ms)[0m  [1m[34mSELECT "users"."id" FROM "users" WHERE "users"."role" = $1 ORDER BY RANDOM() LIMIT $2[0m  [["role", "worker"], ["LIMIT", 1]]
  ↳ app/services/tasks/create.rb:25:in `random_worker_id'
  [1m[36mTRANSACTION (0.2ms)[0m  [1m[35mBEGIN[0m
  ↳ app/services/tasks/create.rb:8:in `call'
  [1m[36mTask Create (1.9ms)[0m  [1m[32mINSERT INTO "tasks" ("user_id", "title", "description", "status", "created_at", "updated_at", "assign_price", "finish_price") VALUES ($1, $2, $3, $4, $5, $6, $7, $8) RETURNING "id"[0m  [["user_id", nil], ["title", "TestTitle"], ["description", "TestDescription"], ["status", "in_progress"], ["created_at", "2023-08-11 13:58:34.048291"], ["updated_at", "2023-08-11 13:58:34.048291"], ["assign_price", "-20.0"], ["finish_price", "34.0"]]
  ↳ app/services/tasks/create.rb:8:in `call'
  [1m[36mTRANSACTION (0.3ms)[0m  [1m[31mROLLBACK[0m
  ↳ app/services/tasks/create.rb:8:in `call'
Completed 500 Internal Server Error in 1041ms (ActiveRecord: 17.1ms | Allocations: 26825)


  
ActiveRecord::NotNullViolation (PG::NotNullViolation: ERROR:  null value in column "user_id" of relation "tasks" violates not-null constraint
DETAIL:  Failing row contains (2, null, TestTitle, TestDescription, in_progress, 2023-08-11 13:58:34.048291, 2023-08-11 13:58:34.048291, -20.00, 34.00).
):
  
app/services/tasks/create.rb:8:in `call'
app/controllers/tasks_controller.rb:8:in `create'
Started POST "/tasks" for 172.20.0.1 at 2023-08-11 14:00:43 +0000
Cannot render console from 172.20.0.1! Allowed networks: 127.0.0.0/127.255.255.255, ::1
Processing by TasksController#create as */*
  Parameters: {"task"=>{"title"=>"TestTitle", "description"=>"TestDescription"}}
JWT: eyJhbGciOiJIUzI1NiJ9.eyJ1c2VyX2lkIjoiZjYxMDdlZTEtZGY3Yy00ZDA2LTgyM2ItY2RkZjQzYzYzMWQwIiwiZXhwIjoxNzIzMzc0ODIzfQ.6MGt7JlMPw4IvX93FtPEK5SgpwedzuL4Yh9paalAU9g
  [1m[36mUser Load (0.8ms)[0m  [1m[34mSELECT "users".* FROM "users" WHERE "users"."external_id" = $1 LIMIT $2[0m  [["external_id", "f6107ee1-df7c-4d06-823b-cddf43c631d0"], ["LIMIT", 1]]
  ↳ app/services/current_user.rb:21:in `call'
  [1m[36mUser Load (0.5ms)[0m  [1m[34mSELECT "users"."id" FROM "users" WHERE "users"."role" = $1 ORDER BY RANDOM() LIMIT $2[0m  [["role", "worker"], ["LIMIT", 1]]
  ↳ app/services/tasks/create.rb:26:in `random_worker_id'
Creating task with params {"title"=>"TestTitle", "description"=>"TestDescription", "user_id"=>1, "assign_price"=>-19, "finish_price"=>38}
  [1m[36mCACHE User Load (0.0ms)[0m  [1m[34mSELECT "users"."id" FROM "users" WHERE "users"."role" = $1 ORDER BY RANDOM() LIMIT $2[0m  [["role", "worker"], ["LIMIT", 1]]
  ↳ app/services/tasks/create.rb:26:in `random_worker_id'
  [1m[36mTRANSACTION (0.2ms)[0m  [1m[35mBEGIN[0m
  ↳ app/services/tasks/create.rb:9:in `call'
  [1m[36mTask Create (2.3ms)[0m  [1m[32mINSERT INTO "tasks" ("user_id", "title", "description", "status", "created_at", "updated_at", "assign_price", "finish_price") VALUES ($1, $2, $3, $4, $5, $6, $7, $8) RETURNING "id"[0m  [["user_id", nil], ["title", "TestTitle"], ["description", "TestDescription"], ["status", "in_progress"], ["created_at", "2023-08-11 14:00:44.487071"], ["updated_at", "2023-08-11 14:00:44.487071"], ["assign_price", "-15.0"], ["finish_price", "40.0"]]
  ↳ app/services/tasks/create.rb:9:in `call'
  [1m[36mTRANSACTION (0.4ms)[0m  [1m[31mROLLBACK[0m
  ↳ app/services/tasks/create.rb:9:in `call'
Completed 500 Internal Server Error in 285ms (ActiveRecord: 32.9ms | Allocations: 11067)


  
ActiveRecord::NotNullViolation (PG::NotNullViolation: ERROR:  null value in column "user_id" of relation "tasks" violates not-null constraint
DETAIL:  Failing row contains (3, null, TestTitle, TestDescription, in_progress, 2023-08-11 14:00:44.487071, 2023-08-11 14:00:44.487071, -15.00, 40.00).
):
  
app/services/tasks/create.rb:9:in `call'
app/controllers/tasks_controller.rb:8:in `create'
Started POST "/tasks" for 172.20.0.1 at 2023-08-11 14:02:43 +0000
Cannot render console from 172.20.0.1! Allowed networks: 127.0.0.0/127.255.255.255, ::1
Processing by TasksController#create as */*
  Parameters: {"task"=>{"title"=>"TestTitle", "description"=>"TestDescription"}}
JWT: eyJhbGciOiJIUzI1NiJ9.eyJ1c2VyX2lkIjoiZjYxMDdlZTEtZGY3Yy00ZDA2LTgyM2ItY2RkZjQzYzYzMWQwIiwiZXhwIjoxNzIzMzc0ODIzfQ.6MGt7JlMPw4IvX93FtPEK5SgpwedzuL4Yh9paalAU9g
  [1m[36mUser Load (0.3ms)[0m  [1m[34mSELECT "users".* FROM "users" WHERE "users"."external_id" = $1 LIMIT $2[0m  [["external_id", "f6107ee1-df7c-4d06-823b-cddf43c631d0"], ["LIMIT", 1]]
  ↳ app/services/current_user.rb:21:in `call'
  [1m[36mUser Load (0.9ms)[0m  [1m[34mSELECT "users"."external_id" FROM "users" WHERE "users"."role" = $1 ORDER BY RANDOM() LIMIT $2[0m  [["role", "worker"], ["LIMIT", 1]]
  ↳ app/services/tasks/create.rb:26:in `random_worker_id'
Creating task with params {"title"=>"TestTitle", "description"=>"TestDescription", "user_id"=>nil, "assign_price"=>-12, "finish_price"=>33}
  [1m[36mCACHE User Load (0.0ms)[0m  [1m[34mSELECT "users"."external_id" FROM "users" WHERE "users"."role" = $1 ORDER BY RANDOM() LIMIT $2[0m  [["role", "worker"], ["LIMIT", 1]]
  ↳ app/services/tasks/create.rb:26:in `random_worker_id'
  [1m[36mTRANSACTION (0.2ms)[0m  [1m[35mBEGIN[0m
  ↳ app/services/tasks/create.rb:9:in `call'
  [1m[36mTask Create (1.5ms)[0m  [1m[32mINSERT INTO "tasks" ("user_id", "title", "description", "status", "created_at", "updated_at", "assign_price", "finish_price") VALUES ($1, $2, $3, $4, $5, $6, $7, $8) RETURNING "id"[0m  [["user_id", nil], ["title", "TestTitle"], ["description", "TestDescription"], ["status", "in_progress"], ["created_at", "2023-08-11 14:02:44.562203"], ["updated_at", "2023-08-11 14:02:44.562203"], ["assign_price", "-14.0"], ["finish_price", "20.0"]]
  ↳ app/services/tasks/create.rb:9:in `call'
  [1m[36mTRANSACTION (0.3ms)[0m  [1m[31mROLLBACK[0m
  ↳ app/services/tasks/create.rb:9:in `call'
Completed 500 Internal Server Error in 191ms (ActiveRecord: 10.0ms | Allocations: 11049)


  
ActiveRecord::NotNullViolation (PG::NotNullViolation: ERROR:  null value in column "user_id" of relation "tasks" violates not-null constraint
DETAIL:  Failing row contains (4, null, TestTitle, TestDescription, in_progress, 2023-08-11 14:02:44.562203, 2023-08-11 14:02:44.562203, -14.00, 20.00).
):
  
app/services/tasks/create.rb:9:in `call'
app/controllers/tasks_controller.rb:8:in `create'
Started POST "/tasks" for 172.20.0.1 at 2023-08-11 14:03:52 +0000
Cannot render console from 172.20.0.1! Allowed networks: 127.0.0.0/127.255.255.255, ::1
  [1m[36mActiveRecord::SchemaMigration Pluck (0.8ms)[0m  [1m[34mSELECT "schema_migrations"."version" FROM "schema_migrations" ORDER BY "schema_migrations"."version" ASC[0m
Processing by TasksController#create as */*
  Parameters: {"task"=>{"title"=>"TestTitle", "description"=>"TestDescription"}}
JWT: eyJhbGciOiJIUzI1NiJ9.eyJ1c2VyX2lkIjoiZjYxMDdlZTEtZGY3Yy00ZDA2LTgyM2ItY2RkZjQzYzYzMWQwIiwiZXhwIjoxNzIzMzc0ODIzfQ.6MGt7JlMPw4IvX93FtPEK5SgpwedzuL4Yh9paalAU9g
  [1m[36mUser Load (1.0ms)[0m  [1m[34mSELECT "users".* FROM "users" WHERE "users"."external_id" = $1 LIMIT $2[0m  [["external_id", "f6107ee1-df7c-4d06-823b-cddf43c631d0"], ["LIMIT", 1]]
  ↳ app/services/current_user.rb:21:in `call'
  [1m[36mUser Load (0.9ms)[0m  [1m[34mSELECT "users"."external_id" FROM "users" WHERE "users"."role" = $1 ORDER BY RANDOM() LIMIT $2[0m  [["role", "worker"], ["LIMIT", 1]]
  ↳ app/services/tasks/create.rb:26:in `random_worker_id'
Creating task with params {"title"=>"TestTitle", "description"=>"TestDescription", "user_id"=>nil, "assign_price"=>-15, "finish_price"=>35}
  [1m[36mCACHE User Load (0.0ms)[0m  [1m[34mSELECT "users"."external_id" FROM "users" WHERE "users"."role" = $1 ORDER BY RANDOM() LIMIT $2[0m  [["role", "worker"], ["LIMIT", 1]]
  ↳ app/services/tasks/create.rb:26:in `random_worker_id'
  [1m[36mTRANSACTION (0.2ms)[0m  [1m[35mBEGIN[0m
  ↳ app/services/tasks/create.rb:9:in `call'
  [1m[36mTask Create (1.8ms)[0m  [1m[32mINSERT INTO "tasks" ("user_id", "title", "description", "status", "created_at", "updated_at", "assign_price", "finish_price") VALUES ($1, $2, $3, $4, $5, $6, $7, $8) RETURNING "id"[0m  [["user_id", nil], ["title", "TestTitle"], ["description", "TestDescription"], ["status", "in_progress"], ["created_at", "2023-08-11 14:03:54.327104"], ["updated_at", "2023-08-11 14:03:54.327104"], ["assign_price", "-11.0"], ["finish_price", "34.0"]]
  ↳ app/services/tasks/create.rb:9:in `call'
  [1m[36mTRANSACTION (0.4ms)[0m  [1m[31mROLLBACK[0m
  ↳ app/services/tasks/create.rb:9:in `call'
Completed 500 Internal Server Error in 892ms (ActiveRecord: 14.6ms | Allocations: 27345)


  
ActiveRecord::NotNullViolation (PG::NotNullViolation: ERROR:  null value in column "user_id" of relation "tasks" violates not-null constraint
DETAIL:  Failing row contains (5, null, TestTitle, TestDescription, in_progress, 2023-08-11 14:03:54.327104, 2023-08-11 14:03:54.327104, -11.00, 34.00).
):
  
app/services/tasks/create.rb:9:in `call'
app/controllers/tasks_controller.rb:8:in `create'
Started POST "/tasks" for 172.20.0.1 at 2023-08-11 14:04:29 +0000
Cannot render console from 172.20.0.1! Allowed networks: 127.0.0.0/127.255.255.255, ::1
Processing by TasksController#create as */*
  Parameters: {"task"=>{"title"=>"TestTitle", "description"=>"TestDescription"}}
JWT: eyJhbGciOiJIUzI1NiJ9.eyJ1c2VyX2lkIjoiZjYxMDdlZTEtZGY3Yy00ZDA2LTgyM2ItY2RkZjQzYzYzMWQwIiwiZXhwIjoxNzIzMzc0ODIzfQ.6MGt7JlMPw4IvX93FtPEK5SgpwedzuL4Yh9paalAU9g
  [1m[36mUser Load (0.5ms)[0m  [1m[34mSELECT "users".* FROM "users" WHERE "users"."external_id" = $1 LIMIT $2[0m  [["external_id", "f6107ee1-df7c-4d06-823b-cddf43c631d0"], ["LIMIT", 1]]
  ↳ app/services/current_user.rb:21:in `call'
  [1m[36mUser Load (0.5ms)[0m  [1m[34mSELECT "users"."external_id" FROM "users" WHERE "users"."role" = $1 ORDER BY RANDOM() LIMIT $2[0m  [["role", "worker"], ["LIMIT", 1]]
  ↳ app/services/tasks/create.rb:26:in `random_worker_id'
Creating task with params {"title"=>"TestTitle", "description"=>"TestDescription", "user_id"=>"f6107ee1-df7c-4d06-823b-cddf43c631d0", "assign_price"=>-19, "finish_price"=>38}
  [1m[36mCACHE User Load (0.0ms)[0m  [1m[34mSELECT "users"."external_id" FROM "users" WHERE "users"."role" = $1 ORDER BY RANDOM() LIMIT $2[0m  [["role", "worker"], ["LIMIT", 1]]
  ↳ app/services/tasks/create.rb:26:in `random_worker_id'
  [1m[36mTRANSACTION (0.2ms)[0m  [1m[35mBEGIN[0m
  ↳ app/services/tasks/create.rb:9:in `call'
  [1m[36mTask Create (1.3ms)[0m  [1m[32mINSERT INTO "tasks" ("user_id", "title", "description", "status", "created_at", "updated_at", "assign_price", "finish_price") VALUES ($1, $2, $3, $4, $5, $6, $7, $8) RETURNING "id"[0m  [["user_id", "f6107ee1-df7c-4d06-823b-cddf43c631d0"], ["title", "TestTitle"], ["description", "TestDescription"], ["status", "in_progress"], ["created_at", "2023-08-11 14:04:29.652370"], ["updated_at", "2023-08-11 14:04:29.652370"], ["assign_price", "-12.0"], ["finish_price", "34.0"]]
  ↳ app/services/tasks/create.rb:9:in `call'
  [1m[36mTRANSACTION (2.3ms)[0m  [1m[35mCOMMIT[0m
  ↳ app/services/tasks/create.rb:9:in `call'
Task 6 created
Completed 500 Internal Server Error in 215ms (ActiveRecord: 10.9ms | Allocations: 10858)


  
ArgumentError (wrong number of arguments (given 2, expected 0; required keywords: event_type, payload)):
  
app/services/producer.rb:12:in `publish'
app/services/tasks/create.rb:12:in `call'
app/controllers/tasks_controller.rb:8:in `create'
Started POST "/tasks" for 172.20.0.1 at 2023-08-11 14:05:18 +0000
Cannot render console from 172.20.0.1! Allowed networks: 127.0.0.0/127.255.255.255, ::1
Processing by TasksController#create as */*
  Parameters: {"task"=>{"title"=>"TestTitle1", "description"=>"TestDescription1"}}
JWT: eyJhbGciOiJIUzI1NiJ9.eyJ1c2VyX2lkIjoiZjYxMDdlZTEtZGY3Yy00ZDA2LTgyM2ItY2RkZjQzYzYzMWQwIiwiZXhwIjoxNzIzMzc0ODIzfQ.6MGt7JlMPw4IvX93FtPEK5SgpwedzuL4Yh9paalAU9g
  [1m[36mUser Load (0.4ms)[0m  [1m[34mSELECT "users".* FROM "users" WHERE "users"."external_id" = $1 LIMIT $2[0m  [["external_id", "f6107ee1-df7c-4d06-823b-cddf43c631d0"], ["LIMIT", 1]]
  ↳ app/services/current_user.rb:21:in `call'
  [1m[36mUser Load (0.5ms)[0m  [1m[34mSELECT "users"."external_id" FROM "users" WHERE "users"."role" = $1 ORDER BY RANDOM() LIMIT $2[0m  [["role", "worker"], ["LIMIT", 1]]
  ↳ app/services/tasks/create.rb:26:in `random_worker_id'
Creating task with params {"title"=>"TestTitle1", "description"=>"TestDescription1", "user_id"=>"f6107ee1-df7c-4d06-823b-cddf43c631d0", "assign_price"=>-18, "finish_price"=>20}
  [1m[36mCACHE User Load (0.0ms)[0m  [1m[34mSELECT "users"."external_id" FROM "users" WHERE "users"."role" = $1 ORDER BY RANDOM() LIMIT $2[0m  [["role", "worker"], ["LIMIT", 1]]
  ↳ app/services/tasks/create.rb:26:in `random_worker_id'
  [1m[36mTRANSACTION (0.1ms)[0m  [1m[35mBEGIN[0m
  ↳ app/services/tasks/create.rb:9:in `call'
  [1m[36mTask Create (0.4ms)[0m  [1m[32mINSERT INTO "tasks" ("user_id", "title", "description", "status", "created_at", "updated_at", "assign_price", "finish_price") VALUES ($1, $2, $3, $4, $5, $6, $7, $8) RETURNING "id"[0m  [["user_id", "f6107ee1-df7c-4d06-823b-cddf43c631d0"], ["title", "TestTitle1"], ["description", "TestDescription1"], ["status", "in_progress"], ["created_at", "2023-08-11 14:05:19.152383"], ["updated_at", "2023-08-11 14:05:19.152383"], ["assign_price", "-12.0"], ["finish_price", "33.0"]]
  ↳ app/services/tasks/create.rb:9:in `call'
  [1m[36mTRANSACTION (1.2ms)[0m  [1m[35mCOMMIT[0m
  ↳ app/services/tasks/create.rb:9:in `call'
Task 7 created
Publishing task_assigned with {"id":7,"user_id":"f6107ee1-df7c-4d06-823b-cddf43c631d0","title":"TestTitle1","description":"TestDescription1","status":"in_progress","created_at":"2023-08-11T14:05:19.152Z","updated_at":"2023-08-11T14:05:19.152Z","assign_price":"-12.0","finish_price":"33.0"} to topic tasks.task_assigned
Completed 500 Internal Server Error in 191ms (ActiveRecord: 8.6ms | Allocations: 11025)


  
NoMethodError (undefined method `produce_async' for :configured:Symbol):
  
app/services/producer.rb:16:in `publish'
app/services/tasks/create.rb:12:in `call'
app/controllers/tasks_controller.rb:8:in `create'
Started POST "/tasks" for 172.20.0.1 at 2023-08-11 14:06:03 +0000
Cannot render console from 172.20.0.1! Allowed networks: 127.0.0.0/127.255.255.255, ::1
Processing by TasksController#create as */*
  Parameters: {"task"=>{"title"=>"TestTitle2", "description"=>"TestDescription2"}}
JWT: eyJhbGciOiJIUzI1NiJ9.eyJ1c2VyX2lkIjoiZjYxMDdlZTEtZGY3Yy00ZDA2LTgyM2ItY2RkZjQzYzYzMWQwIiwiZXhwIjoxNzIzMzc0ODIzfQ.6MGt7JlMPw4IvX93FtPEK5SgpwedzuL4Yh9paalAU9g
  [1m[36mUser Load (0.4ms)[0m  [1m[34mSELECT "users".* FROM "users" WHERE "users"."external_id" = $1 LIMIT $2[0m  [["external_id", "f6107ee1-df7c-4d06-823b-cddf43c631d0"], ["LIMIT", 1]]
  ↳ app/services/current_user.rb:21:in `call'
  [1m[36mUser Load (0.5ms)[0m  [1m[34mSELECT "users"."external_id" FROM "users" WHERE "users"."role" = $1 ORDER BY RANDOM() LIMIT $2[0m  [["role", "worker"], ["LIMIT", 1]]
  ↳ app/services/tasks/create.rb:26:in `random_worker_id'
Creating task with params {"title"=>"TestTitle2", "description"=>"TestDescription2", "user_id"=>"f6107ee1-df7c-4d06-823b-cddf43c631d0", "assign_price"=>-10, "finish_price"=>20}
  [1m[36mCACHE User Load (0.0ms)[0m  [1m[34mSELECT "users"."external_id" FROM "users" WHERE "users"."role" = $1 ORDER BY RANDOM() LIMIT $2[0m  [["role", "worker"], ["LIMIT", 1]]
  ↳ app/services/tasks/create.rb:26:in `random_worker_id'
  [1m[36mTRANSACTION (0.2ms)[0m  [1m[35mBEGIN[0m
  ↳ app/services/tasks/create.rb:9:in `call'
  [1m[36mTask Create (0.4ms)[0m  [1m[32mINSERT INTO "tasks" ("user_id", "title", "description", "status", "created_at", "updated_at", "assign_price", "finish_price") VALUES ($1, $2, $3, $4, $5, $6, $7, $8) RETURNING "id"[0m  [["user_id", "f6107ee1-df7c-4d06-823b-cddf43c631d0"], ["title", "TestTitle2"], ["description", "TestDescription2"], ["status", "in_progress"], ["created_at", "2023-08-11 14:06:04.431733"], ["updated_at", "2023-08-11 14:06:04.431733"], ["assign_price", "-18.0"], ["finish_price", "29.0"]]
  ↳ app/services/tasks/create.rb:9:in `call'
  [1m[36mTRANSACTION (1.2ms)[0m  [1m[35mCOMMIT[0m
  ↳ app/services/tasks/create.rb:9:in `call'
Task 8 created
Publishing task_assigned with {"id":8,"user_id":"f6107ee1-df7c-4d06-823b-cddf43c631d0","title":"TestTitle2","description":"TestDescription2","status":"in_progress","created_at":"2023-08-11T14:06:04.431Z","updated_at":"2023-08-11T14:06:04.431Z","assign_price":"-18.0","finish_price":"29.0"} to topic tasks.task_assigned
Completed 500 Internal Server Error in 208ms (ActiveRecord: 9.0ms | Allocations: 23510)


  
SystemStackError (stack level too deep):
  
app/controllers/tasks_controller.rb:9:in `create'
Started GET "/" for 172.20.0.1 at 2023-08-11 14:07:10 +0000
Cannot render console from 172.20.0.1! Allowed networks: 127.0.0.0/127.255.255.255, ::1
  [1m[36mActiveRecord::SchemaMigration Pluck (0.5ms)[0m  [1m[34mSELECT "schema_migrations"."version" FROM "schema_migrations" ORDER BY "schema_migrations"."version" ASC[0m
Processing by TasksController#index as */*
JWT: eyJhbGciOiJIUzI1NiJ9.eyJ1c2VyX2lkIjoiZjYxMDdlZTEtZGY3Yy00ZDA2LTgyM2ItY2RkZjQzYzYzMWQwIiwiZXhwIjoxNzIzMzc0ODIzfQ.6MGt7JlMPw4IvX93FtPEK5SgpwedzuL4Yh9paalAU9g
  [1m[36mUser Load (0.5ms)[0m  [1m[34mSELECT "users".* FROM "users" WHERE "users"."external_id" = $1 LIMIT $2[0m  [["external_id", "f6107ee1-df7c-4d06-823b-cddf43c631d0"], ["LIMIT", 1]]
  ↳ app/services/current_user.rb:21:in `call'
  [1m[36mTask Load (0.8ms)[0m  [1m[34mSELECT "tasks".* FROM "tasks"[0m
  ↳ app/controllers/tasks_controller.rb:4:in `index'
Completed 200 OK in 1027ms (Views: 9.4ms | ActiveRecord: 6.9ms | Allocations: 23082)


